<?xml version="1.0" encoding="UTF-8"?>
<testsuite name="successful purchase" tests="2" skipped="0" failures="0" errors="0" timestamp="2020-03-22T01:29:01" hostname="DESKTOP-3CS3MFP" time="89.868">
  <properties/>
  <testcase name="successful registration" classname="successful purchase" time="49.175"/>
  <testcase name="successful purchase" classname="successful purchase" time="40.689"/>
  <system-out><![CDATA[





















































































]]></system-out>
  <system-err><![CDATA[mar. 21, 2020 8:29:01 P. M. org.openqa.selenium.remote.DesiredCapabilities chrome
INFORMACIÓN: Using `new ChromeOptions()` is preferred to `DesiredCapabilities.chrome()`
Starting ChromeDriver 72.0.3626.69 (3c16f8a135abc0d4da2dff33804db79b849a7c38) on port 19543
Only local connections are allowed.
Please protect ports used by ChromeDriver and related test frameworks to prevent access by malicious code.
[1584840546.652][WARNING]: Timed out connecting to Chrome, retrying...
mar. 21, 2020 8:29:08 P. M. org.openqa.selenium.remote.ProtocolHandshake createSession
INFORMACIÓN: Detected dialect: OSS
[1584840550.741][WARNING]: Timed out connecting to Chrome, retrying...
mar. 21, 2020 8:29:50 P. M. org.openqa.selenium.remote.DesiredCapabilities chrome
INFORMACIÓN: Using `new ChromeOptions()` is preferred to `DesiredCapabilities.chrome()`
[1584840594.933][WARNING]: Timed out connecting to Chrome, retrying...
mar. 21, 2020 8:29:56 P. M. org.openqa.selenium.remote.ProtocolHandshake createSession
INFORMACIÓN: Detected dialect: OSS
[1584840598.988][WARNING]: Timed out connecting to Chrome, retrying...
]]></system-err>
</testsuite>
